<?xml version="1.0" encoding="UTF-8"?>
<!-- Generated by org.testng.reporters.JUnitXMLReporter -->
<testsuite hostname="DESKTOP-O6S8VEP" ignored="0" name="Default test" tests="5" failures="0" timestamp="20 Jun 2018 14:31:57 GMT" time="39.491" errors="0">
  <testcase name="loginTest" time="10.835" classname="com.prestashop.tests.PrestaShopAutomationPractice$LoginPositiveScenarios"/>
  <testcase name="blankEmailTest" time="2.009" classname="com.prestashop.tests.PrestaShopAutomationPractice"/>
  <testcase name="blankPasswordTest" time="2.284" classname="com.prestashop.tests.PrestaShopAutomationPractice"/>
  <testcase name="invalidEmailTest" time="2.131" classname="com.prestashop.tests.PrestaShopAutomationPractice"/>
  <testcase name="wrongCredentialsTest" time="2.138" classname="com.prestashop.tests.PrestaShopAutomationPractice"/>
</testsuite> <!-- Default test -->
