<?xml version="1.0" encoding="UTF-8"?>
<!-- Generated by org.testng.reporters.JUnitXMLReporter -->
<testsuite hostname="DESKTOP-O6S8VEP" ignored="0" name="Default test" tests="5" failures="0" timestamp="24 Jun 2018 22:22:23 GMT" time="36.655" errors="0">
  <testcase name="loginTest" time="8.964" classname="com.prestashop.tests.PrestaShopAutomationPractice$LoginPositiveScenarios"/>
  <testcase name="blankEmailTest" time="1.88" classname="com.prestashop.tests.PrestaShopAutomationPractice"/>
  <testcase name="blankPasswordTest" time="1.975" classname="com.prestashop.tests.PrestaShopAutomationPractice"/>
  <testcase name="invalidEmailTest" time="2.057" classname="com.prestashop.tests.PrestaShopAutomationPractice"/>
  <testcase name="wrongCredentialsTest" time="1.947" classname="com.prestashop.tests.PrestaShopAutomationPractice"/>
</testsuite> <!-- Default test -->
