<?xml version="1.0" encoding="UTF-8"?>
<testng-results skipped="0" failed="0" ignored="0" total="5" passed="5">
  <reporter-output>
  </reporter-output>
  <suite name="Default suite" duration-ms="36655" started-at="2018-06-24T22:21:47Z" finished-at="2018-06-24T22:22:23Z">
    <groups>
    </groups>
    <test name="Default test" duration-ms="36655" started-at="2018-06-24T22:21:47Z" finished-at="2018-06-24T22:22:23Z">
      <class name="com.prestashop.tests.PrestaShopAutomationPractice">
        <test-method status="PASS" signature="setUp()[pri:0, instance:com.prestashop.tests.PrestaShopAutomationPractice@685cb137]" name="setUp" is-config="true" duration-ms="4733" started-at="2018-06-24T22:21:56Z" finished-at="2018-06-24T22:22:00Z">
          <reporter-output>
          </reporter-output>
        </test-method> <!-- setUp -->
        <test-method status="PASS" signature="blankEmailTest()[pri:0, instance:com.prestashop.tests.PrestaShopAutomationPractice@685cb137]" name="blankEmailTest" duration-ms="1880" started-at="2018-06-24T22:22:00Z" finished-at="2018-06-24T22:22:02Z">
          <reporter-output>
          </reporter-output>
        </test-method> <!-- blankEmailTest -->
        <test-method status="PASS" signature="closeBrowser()[pri:0, instance:com.prestashop.tests.PrestaShopAutomationPractice@685cb137]" name="closeBrowser" is-config="true" duration-ms="232" started-at="2018-06-24T22:22:02Z" finished-at="2018-06-24T22:22:02Z">
          <reporter-output>
          </reporter-output>
        </test-method> <!-- closeBrowser -->
        <test-method status="PASS" signature="setUp()[pri:0, instance:com.prestashop.tests.PrestaShopAutomationPractice@685cb137]" name="setUp" is-config="true" duration-ms="4623" started-at="2018-06-24T22:22:02Z" finished-at="2018-06-24T22:22:07Z">
          <reporter-output>
          </reporter-output>
        </test-method> <!-- setUp -->
        <test-method status="PASS" signature="blankPasswordTest()[pri:0, instance:com.prestashop.tests.PrestaShopAutomationPractice@685cb137]" name="blankPasswordTest" duration-ms="1975" started-at="2018-06-24T22:22:07Z" finished-at="2018-06-24T22:22:09Z">
          <reporter-output>
          </reporter-output>
        </test-method> <!-- blankPasswordTest -->
        <test-method status="PASS" signature="closeBrowser()[pri:0, instance:com.prestashop.tests.PrestaShopAutomationPractice@685cb137]" name="closeBrowser" is-config="true" duration-ms="284" started-at="2018-06-24T22:22:09Z" finished-at="2018-06-24T22:22:09Z">
          <reporter-output>
          </reporter-output>
        </test-method> <!-- closeBrowser -->
        <test-method status="PASS" signature="setUp()[pri:0, instance:com.prestashop.tests.PrestaShopAutomationPractice@685cb137]" name="setUp" is-config="true" duration-ms="4849" started-at="2018-06-24T22:22:09Z" finished-at="2018-06-24T22:22:14Z">
          <reporter-output>
          </reporter-output>
        </test-method> <!-- setUp -->
        <test-method status="PASS" signature="invalidEmailTest()[pri:0, instance:com.prestashop.tests.PrestaShopAutomationPractice@685cb137]" name="invalidEmailTest" duration-ms="2057" started-at="2018-06-24T22:22:14Z" finished-at="2018-06-24T22:22:16Z">
          <reporter-output>
          </reporter-output>
        </test-method> <!-- invalidEmailTest -->
        <test-method status="PASS" signature="closeBrowser()[pri:0, instance:com.prestashop.tests.PrestaShopAutomationPractice@685cb137]" name="closeBrowser" is-config="true" duration-ms="200" started-at="2018-06-24T22:22:16Z" finished-at="2018-06-24T22:22:16Z">
          <reporter-output>
          </reporter-output>
        </test-method> <!-- closeBrowser -->
        <test-method status="PASS" signature="setUp()[pri:0, instance:com.prestashop.tests.PrestaShopAutomationPractice@685cb137]" name="setUp" is-config="true" duration-ms="4624" started-at="2018-06-24T22:22:16Z" finished-at="2018-06-24T22:22:21Z">
          <reporter-output>
          </reporter-output>
        </test-method> <!-- setUp -->
        <test-method status="PASS" signature="wrongCredentialsTest()[pri:0, instance:com.prestashop.tests.PrestaShopAutomationPractice@685cb137]" name="wrongCredentialsTest" duration-ms="1947" started-at="2018-06-24T22:22:21Z" finished-at="2018-06-24T22:22:23Z">
          <reporter-output>
          </reporter-output>
        </test-method> <!-- wrongCredentialsTest -->
        <test-method status="PASS" signature="closeBrowser()[pri:0, instance:com.prestashop.tests.PrestaShopAutomationPractice@685cb137]" name="closeBrowser" is-config="true" duration-ms="244" started-at="2018-06-24T22:22:23Z" finished-at="2018-06-24T22:22:23Z">
          <reporter-output>
          </reporter-output>
        </test-method> <!-- closeBrowser -->
      </class> <!-- com.prestashop.tests.PrestaShopAutomationPractice -->
      <class name="com.prestashop.tests.PrestaShopAutomationPractice$LoginPositiveScenarios">
        <test-method status="PASS" signature="loginTest()[pri:0, instance:com.prestashop.tests.PrestaShopAutomationPractice$LoginPositiveScenarios@6a41eaa2]" name="loginTest" duration-ms="8964" started-at="2018-06-24T22:21:47Z" finished-at="2018-06-24T22:21:56Z">
          <reporter-output>
          </reporter-output>
        </test-method> <!-- loginTest -->
      </class> <!-- com.prestashop.tests.PrestaShopAutomationPractice$LoginPositiveScenarios -->
    </test> <!-- Default test -->
  </suite> <!-- Default suite -->
</testng-results>
